AQH9y4GLBCCE/cuBiwQfAVkA
AQH9y4GLBCGE/cuBiwQgAVkA
AQH9y4GLBCKE/cuBiwQhAVkA
AQH9y4GLBCOE/cuBiwQiAVkA
AQH9y4GLBCSE/cuBiwQjAVkA
AQH9y4GLBCWE/cuBiwQkAVkA
AQH9y4GLBCaE/cuBiwQlAVkA
AQH9y4GLBCeE/cuBiwQmAVkA
AQH9y4GLBCiE/cuBiwQnAVkA
AQH9y4GLBCmE/cuBiwQoAVkA
AQH9y4GLBCqE/cuBiwQpAVkA
AQH9y4GLBCuE/cuBiwQqAVkA
AQH9y4GLBCyE/cuBiwQrAVkA
AQH9y4GLBC2E/cuBiwQsAVkA
AQH9y4GLBC6E/cuBiwQtAVkA
AQH9y4GLBC+E/cuBiwQuAVkA
AQH9y4GLBDCE/cuBiwQvAVkA
AQH9y4GLBDGE/cuBiwQwAVkA
AQH9y4GLBDKE/cuBiwQxAVkA
AQH9y4GLBDOE/cuBiwQyAVkA
AQH9y4GLBDSE/cuBiwQzAVkA
AQH9y4GLBDWE/cuBiwQ0AVkA
AQH9y4GLBDaE/cuBiwQ1AVkA
AQH9y4GLBDeE/cuBiwQ2AVkA
AQH9y4GLBDjElKPI+giWAf3LgYsEAAEgAA==
AgaUo8j6CAAHAQdkZWZhdWx0AwlwYXJhZ3JhcGgHAJSjyPoIAAYEAJSjyPoIATdpIGFtcnV0YW5zaHUgbWlzaHJhLCAxMjNDUzAxODcgaGVyZWJ5IHRlbGwgZXZlcnkgb25lIHRogZSjyPoIOAGElKPI+gg5GmF0ICBoZSBpcyBvZmZpY2lhbGx5IGJhY2shgZSjyPoIU0MC/cuBiwQAhJSjyPoIlgE4WVlZWVlZWVlZWVlZWVlZWVlZWVlZWVlZWVlZWVlZWVlZWVlZWVlZWVlZWVlZWVlZWVlZWVlZWVnElKPI+giWAf3LgYsEAAEgAZSjyPoIAjkBVEM=
AgaUo8j6CAAHAQdkZWZhdWx0AwlwYXJhZ3JhcGgHAJSjyPoIAAYEAJSjyPoIATdpIGFtcnV0YW5zaHUgbWlzaHJhLCAxMjNDUzAxODcgaGVyZWJ5IHRlbGwgZXZlcnkgb25lIHRogZSjyPoIOAGElKPI+gg5GmF0ICBoZSBpcyBvZmZpY2lhbGx5IGJhY2shgZSjyPoIU0MC/cuBiwQAhJSjyPoIlgE4WVlZWVlZWVlZWVlZWVlZWVlZWVlZWVlZWVlZWVlZWVlZWVlZWVlZWVlZWVlZWVlZWVlZWVlZWVnElKPI+giWAf3LgYsEAAEgAZSjyPoIAjkBVEM=
